Arguments: 
  /Users/anna.llorens/.nvm/versions/node/v12.22.12/bin/node /usr/local/Cellar/yarn/1.22.10/libexec/bin/yarn.js add grapqql

PATH: 
  /Users/anna.llorens/.nvm/versions/node/v12.22.12/bin:/usr/local/opt/maven@3.3/bin:/usr/local/opt/maven@3.3/bin:/Users/anna.llorens/.jenv/shims:/Users/anna.llorens/.jenv/bin:/usr/local/bin:/usr/bin:/bin:/usr/sbin:/sbin:/Library/Apple/usr/bin:/Users/anna.llorens/.nvm/versions/node/v12.22.12/bin:/usr/local/opt/maven@3.3/bin:/Users/anna.llorens/.jenv/shims:/Users/anna.llorens/.jenv/bin

Yarn version: 
  1.22.10

Node version: 
  12.22.12

Platform: 
  darwin x64

Trace: 
  Error: https://repo.symphony.com/artifactory/api/npm/npm-virtual-dev/grapqql: not_found
      at Request.params.callback [as _callback] (/usr/local/Cellar/yarn/1.22.10/libexec/lib/cli.js:66988:18)
      at Request.self.callback (/usr/local/Cellar/yarn/1.22.10/libexec/lib/cli.js:140749:22)
      at Request.emit (events.js:314:20)
      at Request.<anonymous> (/usr/local/Cellar/yarn/1.22.10/libexec/lib/cli.js:141721:10)
      at Request.emit (events.js:314:20)
      at IncomingMessage.<anonymous> (/usr/local/Cellar/yarn/1.22.10/libexec/lib/cli.js:141643:12)
      at Object.onceWrapper (events.js:420:28)
      at IncomingMessage.emit (events.js:326:22)
      at endReadableNT (_stream_readable.js:1241:12)
      at processTicksAndRejections (internal/process/task_queues.js:84:21)

npm manifest: 
  {
    "name": "catstronauts-server-complete",
    "version": "1.0.0",
    "description": "back-end demo app for Apollo's lift-off course",
    "main": "src/index.js",
    "scripts": {
      "start": "nodemon src/index"
    },
    "dependencies": {},
    "devDependencies": {
      "dotenv": "^8.2.0",
      "nodemon": "^2.0.4"
    },
    "author": "Raphael Terrier @R4ph-t",
    "license": "MIT",
    "private": true
  }

yarn manifest: 
  No manifest

Lockfile: 
  # THIS IS AN AUTOGENERATED FILE. DO NOT EDIT THIS FILE DIRECTLY.
  # yarn lockfile v1
  
  
  abbrev@1:
    version "1.1.1"
    resolved "https://repo.symphony.com/artifactory/api/npm/npm-virtual-dev/abbrev/-/abbrev-1.1.1.tgz#f8f2c887ad10bf67f634f005b6987fed3179aac8"
    integrity sha1-+PLIh60Qv2f2NPAFtph/7TF5qsg=
  
  anymatch@~3.1.2:
    version "3.1.2"
    resolved "https://repo.symphony.com/artifactory/api/npm/npm-virtual-dev/anymatch/-/anymatch-3.1.2.tgz#c0557c096af32f106198f4f4e2a383537e378716"
    integrity sha1-wFV8CWrzLxBhmPT04qODU343hxY=
    dependencies:
      normalize-path "^3.0.0"
      picomatch "^2.0.4"
  
  balanced-match@^1.0.0:
    version "1.0.2"
    resolved "https://repo.symphony.com/artifactory/api/npm/npm-virtual-dev/balanced-match/-/balanced-match-1.0.2.tgz#e83e3a7e3f300b34cb9d87f615fa0cbf357690ee"
    integrity sha1-6D46fj8wCzTLnYf2FfoMvzV2kO4=
  
  binary-extensions@^2.0.0:
    version "2.2.0"
    resolved "https://repo.symphony.com/artifactory/api/npm/npm-virtual-dev/binary-extensions/-/binary-extensions-2.2.0.tgz#75f502eeaf9ffde42fc98829645be4ea76bd9e2d"
    integrity sha1-dfUC7q+f/eQvyYgpZFvk6na9ni0=
  
  brace-expansion@^1.1.7:
    version "1.1.11"
    resolved "https://repo.symphony.com/artifactory/api/npm/npm-virtual-dev/brace-expansion/-/brace-expansion-1.1.11.tgz#3c7fcbf529d87226f3d2f52b966ff5271eb441dd"
    integrity sha1-PH/L9SnYcibz0vUrlm/1Jx60Qd0=
    dependencies:
      balanced-match "^1.0.0"
      concat-map "0.0.1"
  
  braces@~3.0.2:
    version "3.0.2"
    resolved "https://repo.symphony.com/artifactory/api/npm/npm-virtual-dev/braces/-/braces-3.0.2.tgz#3454e1a462ee8d599e236df336cd9ea4f8afe107"
    integrity sha1-NFThpGLujVmeI23zNs2epPiv4Qc=
    dependencies:
      fill-range "^7.0.1"
  
  chokidar@^3.5.2:
    version "3.5.3"
    resolved "https://repo.symphony.com/artifactory/api/npm/npm-virtual-dev/chokidar/-/chokidar-3.5.3.tgz#1cf37c8707b932bd1af1ae22c0432e2acd1903bd"
    integrity sha1-HPN8hwe5Mr0a8a4iwEMuKs0ZA70=
    dependencies:
      anymatch "~3.1.2"
      braces "~3.0.2"
      glob-parent "~5.1.2"
      is-binary-path "~2.1.0"
      is-glob "~4.0.1"
      normalize-path "~3.0.0"
      readdirp "~3.6.0"
    optionalDependencies:
      fsevents "~2.3.2"
  
  concat-map@0.0.1:
    version "0.0.1"
    resolved "https://repo.symphony.com/artifactory/api/npm/npm-virtual-dev/concat-map/-/concat-map-0.0.1.tgz#d8a96bd77fd68df7793a73036a3ba0d5405d477b"
    integrity sha1-2Klr13/Wjfd5OnMDajug1UBdR3s=
  
  debug@^3.2.7:
    version "3.2.7"
    resolved "https://repo.symphony.com/artifactory/api/npm/npm-virtual-dev/debug/-/debug-3.2.7.tgz#72580b7e9145fb39b6676f9c5e5fb100b934179a"
    integrity sha1-clgLfpFF+zm2Z2+cXl+xALk0F5o=
    dependencies:
      ms "^2.1.1"
  
  dotenv@^8.2.0:
    version "8.6.0"
    resolved "https://repo.symphony.com/artifactory/api/npm/npm-virtual-dev/dotenv/-/dotenv-8.6.0.tgz#061af664d19f7f4d8fc6e4ff9b584ce237adcb8b"
    integrity sha1-Bhr2ZNGff02PxuT/m1hM4jety4s=
  
  fill-range@^7.0.1:
    version "7.0.1"
    resolved "https://repo.symphony.com/artifactory/api/npm/npm-virtual-dev/fill-range/-/fill-range-7.0.1.tgz#1919a6a7c75fe38b2c7c77e5198535da9acdda40"
    integrity sha1-GRmmp8df44ssfHflGYU12prN2kA=
    dependencies:
      to-regex-range "^5.0.1"
  
  fsevents@~2.3.2:
    version "2.3.2"
    resolved "https://repo.symphony.com/artifactory/api/npm/npm-virtual-dev/fsevents/-/fsevents-2.3.2.tgz#8a526f78b8fdf4623b709e0b975c52c24c02fd1a"
    integrity sha1-ilJveLj99GI7cJ4Ll1xSwkwC/Ro=
  
  glob-parent@~5.1.2:
    version "5.1.2"
    resolved "https://repo.symphony.com/artifactory/api/npm/npm-virtual-dev/glob-parent/-/glob-parent-5.1.2.tgz#869832c58034fe68a4093c17dc15e8340d8401c4"
    integrity sha1-hpgyxYA0/mikCTwX3BXoNA2EAcQ=
    dependencies:
      is-glob "^4.0.1"
  
  has-flag@^3.0.0:
    version "3.0.0"
    resolved "https://repo.symphony.com/artifactory/api/npm/npm-virtual-dev/has-flag/-/has-flag-3.0.0.tgz#b5d454dc2199ae225699f3467e5a07f3b955bafd"
    integrity sha1-tdRU3CGZriJWmfNGfloH87lVuv0=
  
  ignore-by-default@^1.0.1:
    version "1.0.1"
    resolved "https://repo.symphony.com/artifactory/api/npm/npm-virtual-dev/ignore-by-default/-/ignore-by-default-1.0.1.tgz#48ca6d72f6c6a3af00a9ad4ae6876be3889e2b09"
    integrity sha1-SMptcvbGo68Aqa1K5odr44ieKwk=
  
  is-binary-path@~2.1.0:
    version "2.1.0"
    resolved "https://repo.symphony.com/artifactory/api/npm/npm-virtual-dev/is-binary-path/-/is-binary-path-2.1.0.tgz#ea1f7f3b80f064236e83470f86c09c254fb45b09"
    integrity sha1-6h9/O4DwZCNug0cPhsCcJU+0Wwk=
    dependencies:
      binary-extensions "^2.0.0"
  
  is-extglob@^2.1.1:
    version "2.1.1"
    resolved "https://repo.symphony.com/artifactory/api/npm/npm-virtual-dev/is-extglob/-/is-extglob-2.1.1.tgz#a88c02535791f02ed37c76a1b9ea9773c833f8c2"
    integrity sha1-qIwCU1eR8C7TfHahueqXc8gz+MI=
  
  is-glob@^4.0.1, is-glob@~4.0.1:
    version "4.0.3"
    resolved "https://repo.symphony.com/artifactory/api/npm/npm-virtual-dev/is-glob/-/is-glob-4.0.3.tgz#64f61e42cbbb2eec2071a9dac0b28ba1e65d5084"
    integrity sha1-ZPYeQsu7LuwgcanawLKLoeZdUIQ=
    dependencies:
      is-extglob "^2.1.1"
  
  is-number@^7.0.0:
    version "7.0.0"
    resolved "https://repo.symphony.com/artifactory/api/npm/npm-virtual-dev/is-number/-/is-number-7.0.0.tgz#7535345b896734d5f80c4d06c50955527a14f12b"
    integrity sha1-dTU0W4lnNNX4DE0GxQlVUnoU8Ss=
  
  minimatch@^3.1.2:
    version "3.1.2"
    resolved "https://repo.symphony.com/artifactory/api/npm/npm-virtual-dev/minimatch/-/minimatch-3.1.2.tgz#19cd194bfd3e428f049a70817c038d89ab4be35b"
    integrity sha1-Gc0ZS/0+Qo8EmnCBfAONiatL41s=
    dependencies:
      brace-expansion "^1.1.7"
  
  ms@^2.1.1:
    version "2.1.3"
    resolved "https://repo.symphony.com/artifactory/api/npm/npm-virtual-dev/ms/-/ms-2.1.3.tgz#574c8138ce1d2b5861f0b44579dbadd60c6615b2"
    integrity sha1-V0yBOM4dK1hh8LRFedut1gxmFbI=
  
  nodemon@^2.0.4:
    version "2.0.20"
    resolved "https://repo.symphony.com/artifactory/api/npm/npm-virtual-dev/nodemon/-/nodemon-2.0.20.tgz#e3537de768a492e8d74da5c5813cb0c7486fc701"
    integrity sha1-41N952ikkujXTaXFgTywx0hvxwE=
    dependencies:
      chokidar "^3.5.2"
      debug "^3.2.7"
      ignore-by-default "^1.0.1"
      minimatch "^3.1.2"
      pstree.remy "^1.1.8"
      semver "^5.7.1"
      simple-update-notifier "^1.0.7"
      supports-color "^5.5.0"
      touch "^3.1.0"
      undefsafe "^2.0.5"
  
  nopt@~1.0.10:
    version "1.0.10"
    resolved "https://repo.symphony.com/artifactory/api/npm/npm-virtual-dev/nopt/-/nopt-1.0.10.tgz#6ddd21bd2a31417b92727dd585f8a6f37608ebee"
    integrity sha1-bd0hvSoxQXuScn3Vhfim83YI6+4=
    dependencies:
      abbrev "1"
  
  normalize-path@^3.0.0, normalize-path@~3.0.0:
    version "3.0.0"
    resolved "https://repo.symphony.com/artifactory/api/npm/npm-virtual-dev/normalize-path/-/normalize-path-3.0.0.tgz#0dcd69ff23a1c9b11fd0978316644a0388216a65"
    integrity sha1-Dc1p/yOhybEf0JeDFmRKA4ghamU=
  
  picomatch@^2.0.4, picomatch@^2.2.1:
    version "2.3.1"
    resolved "https://repo.symphony.com/artifactory/api/npm/npm-virtual-dev/picomatch/-/picomatch-2.3.1.tgz#3ba3833733646d9d3e4995946c1365a67fb07a42"
    integrity sha1-O6ODNzNkbZ0+SZWUbBNlpn+wekI=
  
  pstree.remy@^1.1.8:
    version "1.1.8"
    resolved "https://repo.symphony.com/artifactory/api/npm/npm-virtual-dev/pstree.remy/-/pstree.remy-1.1.8.tgz#c242224f4a67c21f686839bbdb4ac282b8373d3a"
    integrity sha1-wkIiT0pnwh9oaDm720rCgrg3PTo=
  
  readdirp@~3.6.0:
    version "3.6.0"
    resolved "https://repo.symphony.com/artifactory/api/npm/npm-virtual-dev/readdirp/-/readdirp-3.6.0.tgz#74a370bd857116e245b29cc97340cd431a02a6c7"
    integrity sha1-dKNwvYVxFuJFspzJc0DNQxoCpsc=
    dependencies:
      picomatch "^2.2.1"
  
  semver@^5.7.1:
    version "5.7.1"
    resolved "https://repo.symphony.com/artifactory/api/npm/npm-virtual-dev/semver/-/semver-5.7.1.tgz#a954f931aeba508d307bbf069eff0c01c96116f7"
    integrity sha1-qVT5Ma66UI0we78Gnv8MAclhFvc=
  
  semver@~7.0.0:
    version "7.0.0"
    resolved "https://repo.symphony.com/artifactory/api/npm/npm-virtual-dev/semver/-/semver-7.0.0.tgz#5f3ca35761e47e05b206c6daff2cf814f0316b8e"
    integrity sha1-XzyjV2HkfgWyBsba/yz4FPAxa44=
  
  simple-update-notifier@^1.0.7:
    version "1.0.7"
    resolved "https://repo.symphony.com/artifactory/api/npm/npm-virtual-dev/simple-update-notifier/-/simple-update-notifier-1.0.7.tgz#7edf75c5bdd04f88828d632f762b2bc32996a9cc"
    integrity sha1-ft91xb3QT4iCjWMvdisrwymWqcw=
    dependencies:
      semver "~7.0.0"
  
  supports-color@^5.5.0:
    version "5.5.0"
    resolved "https://repo.symphony.com/artifactory/api/npm/npm-virtual-dev/supports-color/-/supports-color-5.5.0.tgz#e2e69a44ac8772f78a1ec0b35b689df6530efc8f"
    integrity sha1-4uaaRKyHcveKHsCzW2id9lMO/I8=
    dependencies:
      has-flag "^3.0.0"
  
  to-regex-range@^5.0.1:
    version "5.0.1"
    resolved "https://repo.symphony.com/artifactory/api/npm/npm-virtual-dev/to-regex-range/-/to-regex-range-5.0.1.tgz#1648c44aae7c8d988a326018ed72f5b4dd0392e4"
    integrity sha1-FkjESq58jZiKMmAY7XL1tN0DkuQ=
    dependencies:
      is-number "^7.0.0"
  
  touch@^3.1.0:
    version "3.1.0"
    resolved "https://repo.symphony.com/artifactory/api/npm/npm-virtual-dev/touch/-/touch-3.1.0.tgz#fe365f5f75ec9ed4e56825e0bb76d24ab74af83b"
    integrity sha1-/jZfX3XsntTlaCXgu3bSSrdK+Ds=
    dependencies:
      nopt "~1.0.10"
  
  undefsafe@^2.0.5:
    version "2.0.5"
    resolved "https://repo.symphony.com/artifactory/api/npm/npm-virtual-dev/undefsafe/-/undefsafe-2.0.5.tgz#38733b9327bdcd226db889fb723a6efd162e6e2c"
    integrity sha1-OHM7kye9zSJtuIn7cjpu/RYubiw=
